#
# A fatal error has been detected by the Java Runtime Environment:
#
#  SIGSEGV (0xb) at pc=0x0000000000000000, pid=2239, tid=60679
#
# JRE version: Java(TM) SE Runtime Environment (8.0_11-b12) (build 1.8.0_11-b12)
# Java VM: Java HotSpot(TM) 64-Bit Server VM (25.11-b03 mixed mode bsd-amd64 compressed oops)
# Problematic frame:
# C  0x0000000000000000
#
# Failed to write core dump. Core dumps have been disabled. To enable core dumping, try "ulimit -c unlimited" before starting Java again
#
# If you would like to submit a bug report, please visit:
#   http://bugreport.sun.com/bugreport/crash.jsp
#

---------------  T H R E A D  ---------------

Current thread is native thread

siginfo:si_signo=SIGSEGV: si_errno=0, si_code=1 (SEGV_MAPERR), si_addr=0x0000000000000000

Registers:
RAX=0x000000011eb54508, RBX=0x00000000000161b0, RCX=0x0000000000000010, RDX=0xfffffffffffffff0
RSP=0x000000011ee63a18, RBP=0x000000011ee63ac0, RSI=0x0000000000000000, RDI=0x00007fc2dc97cc00
R8 =0x0000000000000200, R9 =0x00007fc2dbe5ecd0, R10=0x000000011eb7205c, R11=0xffffffffffffbf50
R12=0x00007fc2dbe5ecd0, R13=0x00007fc2dc97cc00, R14=0x0000000000000200, R15=0x0000000000000800
RIP=0x0000000000000000, EFLAGS=0x0000000000010246, ERR=0x0000000000000014
  TRAPNO=0x000000000000000e

Top of Stack: (sp=0x000000011ee63a18)
0x000000011ee63a18:   000000011eb26639 000000011ee63b00
0x000000011ee63a28:   00007fff88db66ca 00007fc2dc984db0
0x000000011ee63a38:   000000011d147010 00007fc2dc982db0
0x000000011ee63a48:   0000020000000004 0000000000000000
0x000000011ee63a58:   0000000000000800 0000000000000200
0x000000011ee63a68:   00007fc2dc980db0 00007fc2dc97cc00
0x000000011ee63a78:   0000020000000000 00007fc2dbe62d88
0x000000011ee63a88:   000000000000037f 3f0080c436cf1a94
0x000000011ee63a98:   00007fc2dbe60068 00007fc2dbe5ecd0
0x000000011ee63aa8:   00007fc2dbe62d80 0000000000000200
0x000000011ee63ab8:   00007fc2dbe5fff0 000000011ee63ad0
0x000000011ee63ac8:   000000011eb362ef 000000011ee63b40
0x000000011ee63ad8:   000000011eb6f230 00007fc2dc9783f8
0x000000011ee63ae8:   00007fc2dc978200 00007fc2dbe60068
0x000000011ee63af8:   0000000092d038f3 000000011ee63c90
0x000000011ee63b08:   000000011ee63c88 0000020000000000
0x000000011ee63b18:   000000011ee63c88 00007fc2dbe5f9b0
0x000000011ee63b28:   00007fc2dc978200 00007fc2dbc48fa0
0x000000011ee63b38:   0000000000000200 000000011ee63b90
0x000000011ee63b48:   000000011eb6cc61 000000011ee63bd0
0x000000011ee63b58:   000000011ee63c90 00000000dc978428
0x000000011ee63b68:   00007fc2dc978200 0000000000000000
0x000000011ee63b78:   00007fc2dbc48fa0 00000000ffffffce
0x000000011ee63b88:   0000000000000200 000000011ee63c00
0x000000011ee63b98:   000000011eb6b515 00007fc2dbc48fa0
0x000000011ee63ba8:   00001fa01d1450e0 000000011ee63c88
0x000000011ee63bb8:   00007fc2dbe5f9b0 00007fc2dc978200
0x000000011ee63bc8:   000000011ee63c90 00009fe000000000
0x000000011ee63bd8:   0001545200000007 00007fc2dc978200
0x000000011ee63be8:   0000000000000000 00007fc2dbc48fa0
0x000000011ee63bf8:   000000011d145060 000000011ee63d00
0x000000011ee63c08:   000000011eb72878 00007fc2dbe56788 

Instructions: (pc=0x0000000000000000)
0xffffffffffffffe0:   

Register to memory mapping:

RAX=