#
# A fatal error has been detected by the Java Runtime Environment:
#
#  SIGSEGV (0xb) at pc=0x0000000000000000, pid=509, tid=61447
#
# JRE version: Java(TM) SE Runtime Environment (8.0_11-b12) (build 1.8.0_11-b12)
# Java VM: Java HotSpot(TM) 64-Bit Server VM (25.11-b03 mixed mode bsd-amd64 compressed oops)
# Problematic frame:
# C  0x0000000000000000
#
# Failed to write core dump. Core dumps have been disabled. To enable core dumping, try "ulimit -c unlimited" before starting Java again
#
# If you would like to submit a bug report, please visit:
#   http://bugreport.sun.com/bugreport/crash.jsp
#

---------------  T H R E A D  ---------------

Current thread is native thread

siginfo:si_signo=SIGSEGV: si_errno=0, si_code=1 (SEGV_MAPERR), si_addr=0x0000000000000000

Registers:
RAX=0x00000001a21be508, RBX=0x00000000000161b0, RCX=0x0000000000000010, RDX=0xfffffffffffffff0
RSP=0x00000001a24cda18, RBP=0x00000001a24cdac0, RSI=0x0000000000000000, RDI=0x00007f9aa10f0800
R8 =0x0000000000000200, R9 =0x00007f9aa044e480, R10=0x00000001a21dc05c, R11=0x0000000000000020
R12=0x00007f9aa044e480, R13=0x00007f9aa10f0800, R14=0x0000000000000200, R15=0x0000000000000800
RIP=0x0000000000000000, EFLAGS=0x0000000000010246, ERR=0x0000000000000014
  TRAPNO=0x000000000000000e

Top of Stack: (sp=0x00000001a24cda18)
0x00000001a24cda18:   00000001a2190639 00000001a24cdb00
0x00000001a24cda28:   00007fff8b1e36ca 00007f9aa10f89b0
0x00000001a24cda38:   00000001a06ab010 00007f9aa10f69b0
0x00000001a24cda48:   0000020000000004 0000000000000000
0x00000001a24cda58:   0000000000000800 0000000000000200
0x00000001a24cda68:   00007f9aa10f49b0 00007f9aa10f0800
0x00000001a24cda78:   0000020000000000 00007f9aa044e468
0x00000001a24cda88:   000000000000037f 2600f5d31a670624
0x00000001a24cda98:   00007f9aa0559fa8 00007f9aa044e480
0x00000001a24cdaa8:   00007f9aa044e460 0000000000000200
0x00000001a24cdab8:   00007f9aa0559f30 00000001a24cdad0
0x00000001a24cdac8:   00000001a21a02ef 00000001a24cdb40
0x00000001a24cdad8:   00000001a21d9230 00007f9aa18d75f8
0x00000001a24cdae8:   00007f9aa18d7400 00007f9aa0559fa8
0x00000001a24cdaf8:   00000000951308f3 00000001a24cdc90
0x00000001a24cdb08:   00000001a24cdc88 0000020000000000
0x00000001a24cdb18:   00000001a24cdc88 00007f9aa05598f0
0x00000001a24cdb28:   00007f9aa18d7400 00007f9aa055eaa0
0x00000001a24cdb38:   0000000000000200 00000001a24cdb90
0x00000001a24cdb48:   00000001a21d6c61 00000001a24cdbd0
0x00000001a24cdb58:   00000001a24cdc90 00000000a18d7628
0x00000001a24cdb68:   00007f9aa18d7400 0000000000000000
0x00000001a24cdb78:   00007f9aa055eaa0 00000000ffffffce
0x00000001a24cdb88:   0000000000000200 00000001a24cdc00
0x00000001a24cdb98:   00000001a21d5515 00007f9aa055eaa0
0x00000001a24cdba8:   00001fa0a06a90e0 00000001a24cdc88
0x00000001a24cdbb8:   00007f9aa05598f0 00007f9aa18d7400
0x00000001a24cdbc8:   00000001a24cdc90 00009fe000000000
0x00000001a24cdbd8:   00007f9a00000007 00007f9aa18d7400
0x00000001a24cdbe8:   0000000000000000 00007f9aa055eaa0
0x00000001a24cdbf8:   00000001a06a9060 00000001a24cdd00
0x00000001a24cdc08:   00000001a21dc878 00007f9aa0550d58 

Instructions: (pc=0x0000000000000000)
0xffffffffffffffe0:   

Register to memory mapping:

RAX=0x00000001a21be508: PlaybackBackend+0x20 in /var/folders/5p/028y4js128j7xfl8fwpkpqzh0000gn/T/libgdxjim/45614fc1/openal.dylib at 0x00000001a2175000
RBX=0x00000000000161b0 is an unknown value
RCX=0x0000000000000010 is an unknown value
RDX=0xfffffffffffffff0 is an unknown value
RSP=0x00000001a24cda18 is an unknown value
RBP=0x00000001a24cdac0 is an unknown value
RSI=0x0000000000000000 is an unknown value
RDI=0x00007f9aa10f0800 is an unknown value
R8 =0x0000000000000200 is an unknown value
R9 =0x00007f9aa044e480 is an unknown value
R10=