#
# A fatal error has been detected by the Java Runtime Environment:
#
#  SIGSEGV (0xb) at pc=0x00007fff886a9097, pid=685, tid=3335
#
# JRE version: Java(TM) SE Runtime Environment (8.0_11-b12) (build 1.8.0_11-b12)
# Java VM: Java HotSpot(TM) 64-Bit Server VM (25.11-b03 mixed mode bsd-amd64 compressed oops)
# Problematic frame:
# C  [libobjc.A.dylib+0x5097]  objc_msgSend+0x17
#
# Failed to write core dump. Core dumps have been disabled. To enable core dumping, try "ulimit -c unlimited" before starting Java again
#
# If you would like to submit a bug report, please visit:
#   http://bugreport.sun.com/bugreport/crash.jsp
# The crash happened outside the Java Virtual Machine in native code.
# See problematic frame for where to report the bug.
#

---------------  T H R E A D  ---------------

Current thread (0x00007fbbec0dc800):  JavaThread "AppKit Thread" daemon [_thread_in_native, id=3335, stack(0x00007fff5254b000,0x00007fff52d4b000)]

siginfo:si_signo=SIGSEGV: si_errno=0, si_code=0 (SEGV0), si_addr=0x0000000000000000

Registers:
RAX=0x00007fbbeb555480, RBX=0x00000000000f42ec, RCX=0x0000000000000000, RDX=0x00007fbbf1e7f840
RSP=0x00007fff52d45d18, RBP=0x00007fff52d45d20, RSI=0x00007fff8a152b9f, RDI=0x00007fbbeb555480
R8 =0x0000000000000040, R9 =0x00007fff52d45d00, R10=0x00007fff8a152b9f, R11=0xb00007fbbeb5363d
R12=0x00000000000f42ec, R13=0x00007fff52d45ee8, R14=0x00007fbbf3960760, R15=0x00007fff52d45e48
RIP=0x00007fff886a9097, EFLAGS=0x0000000000010246, ERR=0x0000000000000000
  TRAPNO=0x000000000000000d

Top of Stack: (sp=0x00007fff52d45d18)
0x00007fff52d45d18:   00007fff8bc92e0c 00007fff52d46080
0x00007fff52d45d28:   00007fff8bb8682d 000000010cece000
0x00007fff52d45d38:   000000010ced2400 00007fbbf1e9ec92
0x00007fff52d45d48:   0000000000000a00 0000000000000798
0x00007fff52d45d58:   00000000000f42ee 0000000000000002
0x00007fff52d45d68:   00007fbbeb67ab10 00007fbbeb67a4b0
0x00007fff52d45d78:   00007fbbeb4118f0 00007fbbf1e7f840
0x00007fff52d45d88:   00007fff52d45e40 0000000000000000
0x00007fff52d45d98:   00000000000f42ec 0000000000000051
0x00007fff52d45da8:   00007fff52d45ec0 0000000000000000
0x00007fff52d45db8:   0000000000000001 00007fbbeb4118e0
0x00007fff52d45dc8:   000000000000004f 0000000000009f79
0x00007fff52d45dd8:   0000010000000000 00007fff786c6a60
0x00007fff52d45de8:   00002060001306ea ff80000000001001
0x00007fff52d45df8:   0000000000000000 00007fff52d45ed8
0x00007fff52d45e08:   00007fff52d45eb8 00007fff786c6a48
0x00007fff52d45e18:   0000000000000000 0000000000000000
0x00007fff52d45e28:   00007fff951306ea 00007fff789c3d38
0x00007fff52d45e38:   0000000000000000 00007fbbeb67ab90
0x00007fff52d45e48:   00007fbbf3960760 00007fff8b6beb08
0x00007fff52d45e58:   0000000000000000 00007fff52d45f20
0x00007fff52d45e68:   00007fff88e84dde 00007fff78e040d0
0x00007fff52d45e78:   0000000042000000 00007fff88e8d1d1
0x00007fff52d45e88:   00007fff786a2b40 00007fff52d45f88
0x00007fff52d45e98:   00007fff52d45eb8 00007fff52d45ed8
0x00007fff52d45ea8:   0000000000000000 000000010cece001
0x00007fff52d45eb8:   0000000000000000 000000000000004d
0x00007fff52d45ec8:   0000000000000000 00000000000f42e3
0x00007fff52d45ed8:   000000000000004f 0000000000000000
0x00007fff52d45ee8:   00000000000f42ec 0000000152d45f90
0x00007fff52d45ef8:   00007fff95131261 00007fff7859d748
0x00007fff52d45f08:   00007fff7859d74c 00000000785991b8 

Instructions: (pc=0x00007fff886a9097)
0x00007fff886a9077:   90 90 90 90 90 90 90 90 90 48 85 ff 2e 74 72 40
0x00007fff886a9087:   f6 c7 01 2e 0f 85 7e 00 00 00 4c 8b 1f 49 89 f2
0x00007fff886a9097:   45 23 53 18 49 c1 e2 04 4d 03 53 10 49 3b 32 75
0x00007fff886a90a7:   04 41 ff 62 08 49 83 3a 00 74 74 4d 3b 53 10 74 

Register to memory mapping:

RAX=0x00007fbbeb555480 is an unknown value
RBX=0x00000000000f42ec is an unknown value
RCX=0x0000000000000000 is an unknown value
RDX=0x00007fbbf1e7f840 is an unknown value
RSP=0x00007fff52d45d18 is pointing into the stack for thread: 0x00007fbbec0dc800
RBP=0x00007fff52d45d20 is pointing into the stack for thread: 0x00007fbbec0dc800
RSI=0x00007fff8a152b9f: NSAppKitVersionNumber+0x5358f in /System/Library/Frameworks/AppKit.framework/Versions/C/AppKit at 0x00007fff896af000
RDI=0x00007fbbeb555480 is an unknown value
R8 =0x0000000000000040 is an unknown value
R9 =0x00007fff52d45d00 is pointing into the stack for thread: 0x00007fbbec0dc800
R10=0x00007fff8a152b9f: NSAppKitVersionNumber+0x5358f in /System/Library/Frameworks/AppKit.framework/Versions/C/AppKit at 0x00007fff896af000
R11=0xb00007fbbeb5363d is an unknown value
R12=0x00000000000f42ec is an unknown value
R13=0x00007fff52d45ee8 is pointing into the stack for thread: 0x00007fbbec0dc800
R14=0x00007fbbf3960760 is an unknown value
R15=0x00007fff52d45e48 is pointing into the stack for thread: 0x00007fbbec0dc800


Stack: [0x00007fff5254b000,0x00007fff52d4b000],  sp=0x00007fff52d45d18,  free space=8171k
Native frames: (J=compiled Java code, j=interpreted, Vv=VM code, C=native code)
C  [libobjc.A.dylib+0x5097]  objc_msgSend+0x17
C  [CoreFoundation+0x1082d]  _CFXNotificationPost+0xb4d
C  [Foundation+0x27ba]  -[NSNotificationCenter postNotificationName:object:userInfo:]+0x44
C  [AppKit+0x10f5a9]  -[NSSurface _disposeSurface]+0x98
C  [AppKit+0x10f045]  -[NSSurface setWindow:]+0x46
C  [AppKit+0x3af27]  -[NSView _setWindow:]+0x8ea
C  [AppKit+0x3bf7a]  -[NSView removeFromSuperview]+0x15e
C  [AppKit+0x986e9]  -[NSView removeFromSuperviewWithoutNeedingDisplay]+0x26
C  [liblwjgl.dylib+0x9c3e]  +[MacOSXKeyableWindow destroyWindow]+0xde
C  [Foundation+0x6313e]  __NSThreadPerformPerform+0xe5
C  [CoreFoundation+0x7f5b1]  __CFRUNLOOP_IS_CALLING_OUT_TO_A_SOURCE0_PERFORM_FUNCTION__+0x11
C  [CoreFoundation+0x70c62]  __CFRunLoopDoSources0+0xf2
C  [CoreFoundation+0x703ef]  __CFRunLoopRun+0x33f
C  [CoreFoundation+0x6fe75]  CFRunLoopRunSpecific+0x135
C  [HIToolbox+0x2ea0d]  RunCurrentEventLoopInMode+0xe2
C  [HIToolbox+0x2e7b7]  ReceiveNextEventCommon+0x1df
C  [HIToolbox+0x2e5bc]  _BlockUntilNextEventMatchingListInModeWithFilter+0x41
C  [AppKit+0x2424e]  _DPSNextEvent+0x59a
C  [AppKit+0x2389b]  -[NSApplication nextEventMatchingMask:untilDate:inMode:dequeue:]+0x7a
C  [libosxapp.dylib+0x242a]  -[NSApplicationAWT nextEventMatchingMask:untilDate:inMode:dequeue:]+0x7c
C  [AppKit+0x1799c]  -[NSApplication run]+0x229
C  [libosxapp.dylib+0x223e]  +[NSApplicationAWT runAWTLoopWithApp:]+0x9c
C  [libawt_lwawt.dylib+0x439bb]  -[AWTStarter starter:]+0x389
C  [Foundation+0x6313e]  __NSThreadPerformPerform+0xe5
C  [CoreFoundation+0x7f5b1]  __CFRUNLOOP_IS_CALLING_OUT_TO_A_SOURCE0_PERFORM_FUNCTION__+0x11
C  [CoreFoundation+0x70c62]  __CFRunLoopDoSources0+0xf2
C  [CoreFoundation+0x703ef]  __CFRunLoopRun+0x33f
C  [CoreFoundation+0x6fe75]  CFRunLoopRunSpecific+0x135
C  [java+0x56cb]  CreateExecutionEnvironment+0x367
C  [java+0x166c]  JLI_Launch+0x7a0
C  [java+0x7689]  main+0x65
C  [java+0xec4]  start+0x34


---------------  P R O C E S S  ---------------

Java Threads: ( => current thread )
  0x00007fbbf67f7800 JavaThread "AWT-Shutdown" [_thread_blocked, id=35787, stack(0x0000000128cc9000,0x0000000128dc9000)]
  0x00007fbbec801000 JavaThread "DestroyJavaVM" [_thread_blocked, id=6915, stack(0x000000010e6c2000,0x000000010e7c2000)]
  0x00007fbbec1b4000 JavaThread "LWJGL Application" [_thread_in_native, id=62467, stack(0x00000001272b7000,0x00000001273b7000)]
=>0x00007fbbec0dc800 JavaThread "AppKit Thread" daemon [_thread_in_native, id=3335, stack(0x00007fff5254b000,0x00007fff52d4b000)]
  0x00007fbbec05f800 JavaThread "Service Thread" daemon [_thread_blocked, id=19971, stack(0x0000000122849000,0x0000000122949000)]
  0x00007fbbec054000 JavaThread "C1 CompilerThread2" daemon [_thread_blocked, id=19459, stack(0x0000000122746000,0x0000000122846000)]
  0x00007fbbec047800 JavaThread "C2 CompilerThread1" daemon [_thread_blocked, id=18947, stack(0x0000000122643000,0x0000000122743000)]
  0x00007fbbec045800 JavaThread "C2 CompilerThread0" daemon [_thread_blocked, id=18435, stack(0x0000000122540000,0x0000000122640000)]
  0x00007fbbec052800 JavaThread "Signal Dispatcher" daemon [_thread_blocked, id=17923, stack(0x000000012243d000,0x000000012253d000)]
  0x00007fbbed000000 JavaThread "Finalizer" daemon [_thread_blocked, id=13059, stack(0x00000001221ed000,0x00000001222ed000)]
  0x00007fbbec027800 JavaThread "Reference Handler" daemon [_thread_blocked, id=12547, stack(0x00000001220ea000,0x00000001221ea000)]

Other Threads:
  0x00007fbbec83e800 VMThread [stack: 0x0000000121fe7000,0x00000001220e7000] [id=12035]
  0x00007fbbeb80a000 WatcherThread [stack: 0x000000012294c000,0x0000000122a4c000] [id=20483]

VM state:not at safepoint (normal execution)

VM Mutex/Monitor currently owned by a thread: None

Heap:
 PSYoungGen      total 11776K, used 4086K [0x00000007aab00000, 0x00000007ab800000, 0x00000007c0000000)
  eden space 10240K, 33% used [0x00000007aab00000,0x00000007aae558b0,0x00000007ab500000)
  from space 1536K, 43% used [0x00000007ab680000,0x00000007ab728000,0x00000007ab800000)
  to   space 1536K, 0% used [0x00000007ab500000,0x00000007ab500000,0x00000007ab680000)
 ParOldGen       total 64000K, used 7359K [0x0000000780000000, 0x0000000783e80000, 0x00000007aab00000)
  object space 64000K, 11% used [0x0000000780000000,0x000000078072fcd0,0x0000000783e80000)
 Metaspace       used 7365K, capacity 7535K, committed 7808K, reserved 1056768K
  class space    used 717K, capacity 786K, committed 896K, reserved 1048576K

Card table byte_map: [0x000000011dbb8000,0x000000011ddb9000] byte_map_base: 0x0000000119fb8000

Marking Bits: (ParMarkBitMap*) 0x000000010e0670a0
 Begin Bits: [0x000000011e31b000, 0x000000011f31b000)
 End Bits:   [0x000000011f31b000, 0x000000012031b000)

Polling page: 0x000000010cfd7000

CodeCache: size=245760Kb used=3808Kb max_used=3829Kb free=241951Kb
 bounds [0x000000010e7f8000, 0x000000010ebc8000, 0x000000011d7f8000]
 total_blobs=1388 nmethods=946 adapters=358
 compilation: enabled

Compilation events (10 events):
Event: 15.814 Thread 0x00007fbbec045800 nmethod 941 0x000000010eb9da90 code [0x000000010eb9dbe0, 0x000000010eb9dca8]
Event: 15.897 Thread 0x00007fbbec047800  942       4       com.badlogic.gdx.graphics.glutils.ShapeRenderer::polygon (9 bytes)
Event: 15.897 Thread 0x00007fbbec047800 nmethod 942 0x000000010eb9d7d0 code [0x000000010eb9d920, 0x000000010eb9d9c8]
Event: 15.944 Thread 0x00007fbbec045800  943       4       java.lang.Math::getExponent (17 bytes)
Event: 15.945 Thread 0x00007fbbec045800 nmethod 943 0x000000010eb9bad0 code [0x000000010eb9bc00, 0x000000010eb9bc58]
Event: 20.048 Thread 0x00007fbbec047800  944       4       java.util.HashMap::get (23 bytes)
Event: 20.049 Thread 0x00007fbbec054000  945       3       java.lang.StringBuffer::<init> (6 bytes)
Event: 20.049 Thread 0x00007fbbec054000 nmethod 945 0x000000010eb9d290 code [0x000000010eb9d400, 0x000000010eb9d6b0]
Event: 20.053 Thread 0x00007fbbec047800 nmethod 944 0x000000010eba3a90 code [0x000000010eba3be0, 0x000000010eba3e58]
Event: 20.105 Thread 0x00007fbbec045800  946       4       java.nio.DirectByteBuffer::put (18 bytes)

GC Heap History (10 events):
Event: 12.450 GC heap before
{Heap before GC invocations=14 (full 0):
 PSYoungGen      total 12800K, used 12519K [0x00000007aab00000, 0x00000007aba80000, 0x00000007c0000000)
  eden space 11776K, 99% used [0x00000007aab00000,0x00000007ab679f48,0x00000007ab680000)
  from space 1024K, 75% used [0x00000007ab700000,0x00000007ab7c0000,0x00000007ab800000)
  to   space 2048K, 0% used [0x00000007ab880000,0x00000007ab880000,0x00000007aba80000)
 ParOldGen       total 64000K, used 4632K [0x0000000780000000, 0x0000000783e80000, 0x00000007aab00000)
  object space 64000K, 7% used [0x0000000780000000,0x0000000780486120,0x0000000783e80000)
 Metaspace       used 7347K, capacity 7439K, committed 7680K, reserved 1056768K
  class space    used 713K, capacity 754K, committed 768K, reserved 1048576K
Event: 12.452 GC heap after
Heap after GC invocations=14 (full 0):
 PSYoungGen      total 12800K, used 768K [0x00000007aab00000, 0x00000007aba00000, 0x00000007c0000000)
  eden space 11264K, 0% used [0x00000007aab00000,0x00000007aab00000,0x00000007ab600000)
  from space 1536K, 50% used [0x00000007ab880000,0x00000007ab940000,0x00000007aba00000)
  to   space 2048K, 0% used [0x00000007ab600000,0x00000007ab600000,0x00000007ab800000)
 ParOldGen       total 64000K, used 5216K [0x0000000780000000, 0x0000000783e80000, 0x00000007aab00000)
  object space 64000K, 8% used [0x0000000780000000,0x0000000780518120,0x0000000783e80000)
 Metaspace       used 7347K, capacity 7439K, committed 7680K, reserved 1056768K
  class space    used 713K, capacity 754K, committed 768K, reserved 1048576K
}
Event: 14.295 GC heap before
{Heap before GC invocations=15 (full 0):
 PSYoungGen      total 12800K, used 12027K [0x00000007aab00000, 0x00000007aba00000, 0x00000007c0000000)
  eden space 11264K, 99% used [0x00000007aab00000,0x00000007ab5fee58,0x00000007ab600000)
  from space 1536K, 50% used [0x00000007ab880000,0x00000007ab940000,0x00000007aba00000)
  to   space 2048K, 0% used [0x00000007ab600000,0x00000007ab600000,0x00000007ab800000)
 ParOldGen       total 64000K, used 5216K [0x0000000780000000, 0x0000000783e80000, 0x00000007aab00000)
  object space 64000K, 8% used [0x0000000780000000,0x0000000780518120,0x0000000783e80000)
 Metaspace       used 7350K, capacity 7503K, committed 7680K, reserved 1056768K
  class space    used 714K, capacity 754K, committed 768K, reserved 1048576K
Event: 14.297 GC heap after
Heap after GC invocations=15 (full 0):
 PSYoungGen      total 11776K, used 672K [0x00000007aab00000, 0x00000007ab900000, 0x00000007c0000000)
  eden space 10752K, 0% used [0x00000007aab00000,0x00000007aab00000,0x00000007ab580000)
  from space 1024K, 65% used [0x00000007ab600000,0x00000007ab6a8000,0x00000007ab700000)
  to   space 1536K, 0% used [0x00000007ab780000,0x00000007ab780000,0x00000007ab900000)
 ParOldGen       total 64000K, used 5793K [0x0000000780000000, 0x0000000783e80000, 0x00000007aab00000)
  object space 64000K, 9% used [0x0000000780000000,0x00000007805a8718,0x0000000783e80000)
 Metaspace       used 7350K, capacity 7503K, committed 7680K, reserved 1056768K
  class space    used 714K, capacity 754K, committed 768K, reserved 1048576K
}
Event: 16.095 GC heap before
{Heap before GC invocations=16 (full 0):
 PSYoungGen      total 11776K, used 11424K [0x00000007aab00000, 0x00000007ab900000, 0x00000007c0000000)
  eden space 10752K, 100% used [0x00000007aab00000,0x00000007ab580000,0x00000007ab580000)
  from space 1024K, 65% used [0x00000007ab600000,0x00000007ab6a8000,0x00000007ab700000)
  to   space 1536K, 0% used [0x00000007ab780000,0x00000007ab780000,0x00000007ab900000)
 ParOldGen       total 64000K, used 5793K [0x0000000780000000, 0x0000000783e80000, 0x00000007aab00000)
  object space 64000K, 9% used [0x0000000780000000,0x00000007805a8718,0x0000000783e80000)
 Metaspace       used 7351K, capacity 7503K, committed 7680K, reserved 1056768K
  class space    used 714K, capacity 754K, committed 768K, reserved 1048576K
Event: 16.096 GC heap after
Heap after GC invocations=16 (full 0):
 PSYoungGen      total 11264K, used 672K [0x00000007aab00000, 0x00000007ab880000, 0x00000007c0000000)
  eden space 10240K, 0% used [0x00000007aab00000,0x00000007aab00000,0x00000007ab500000)
  from space 1024K, 65% used [0x00000007ab780000,0x00000007ab828000,0x00000007ab880000)
  to   space 1536K, 0% used [0x00000007ab580000,0x00000007ab580000,0x00000007ab700000)
 ParOldGen       total 64000K, used 6351K [0x0000000780000000, 0x0000000783e80000, 0x00000007aab00000)
  object space 64000K, 9% used [0x0000000780000000,0x0000000780633cd0,0x0000000783e80000)
 Metaspace       used 7351K, capacity 7503K, committed 7680K, reserved 1056768K
  class space    used 714K, capacity 754K, committed 768K, reserved 1048576K
}
Event: 17.795 GC heap before
{Heap before GC invocations=17 (full 0):
 PSYoungGen      total 11264K, used 10843K [0x00000007aab00000, 0x00000007ab880000, 0x00000007c0000000)
  eden space 10240K, 99% used [0x00000007aab00000,0x00000007ab4eefc8,0x00000007ab500000)
  from space 1024K, 65% used [0x00000007ab780000,0x00000007ab828000,0x00000007ab880000)
  to   space 1536K, 0% used [0x00000007ab580000,0x00000007ab580000,0x00000007ab700000)
 ParOldGen       total 64000K, used 6351K [0x0000000780000000, 0x0000000783e80000, 0x00000007aab00000)
  object space 64000K, 9% used [0x0000000780000000,0x0000000780633cd0,0x0000000783e80000)
 Metaspace       used 7351K, capacity 7503K, committed 7680K, reserved 1056768K
  class space    used 714K, capacity 754K, committed 768K, reserved 1048576K
Event: 17.796 GC heap after
Heap after GC invocations=17 (full 0):
 PSYoungGen      total 11264K, used 672K [0x00000007aab00000, 0x00000007ab800000, 0x00000007c0000000)
  eden space 10240K, 0% used [0x00000007aab00000,0x00000007aab00000,0x00000007ab500000)
  from space 1024K, 65% used [0x00000007ab580000,0x00000007ab628000,0x00000007ab680000)
  to   space 1536K, 0% used [0x00000007ab680000,0x00000007ab680000,0x00000007ab800000)
 ParOldGen       total 64000K, used 6871K [0x0000000780000000, 0x0000000783e80000, 0x00000007aab00000)
  object space 64000K, 10% used [0x0000000780000000,0x00000007806b5cd0,0x0000000783e80000)
 Metaspace       used 7351K, capacity 7503K, committed 7680K, reserved 1056768K
  class space    used 714K, capacity 754K, committed 768K, reserved 1048576K
}
Event: 19.499 GC heap before
{Heap before GC invocations=18 (full 0):
 PSYoungGen      total 11264K, used 10852K [0x00000007aab00000, 0x00000007ab800000, 0x00000007c0000000)
  eden space 10240K, 99% used [0x00000007aab00000,0x00000007ab4f1028,0x00000007ab500000)
  from space 1024K, 65% used [0x00000007ab580000,0x00000007ab628000,0x00000007ab680000)
  to   space 1536K, 0% used [0x00000007ab680000,0x00000007ab680000,0x00000007ab800000)
 ParOldGen       total 64000K, used 6871K [0x0000000780000000, 0x0000000783e80000, 0x00000007aab00000)
  object space 64000K, 10% used [0x0000000780000000,0x00000007806b5cd0,0x0000000783e80000)
 Metaspace       used 7351K, capacity 7503K, committed 7680K, reserved 1056768K
  class space    used 714K, capacity 754K, committed 768K, reserved 1048576K
Event: 19.500 GC heap after
Heap after GC invocations=18 (full 0):
 PSYoungGen      total 11776K, used 672K [0x00000007aab00000, 0x00000007ab800000, 0x00000007c0000000)
  eden space 10240K, 0% used [0x00000007aab00000,0x00000007aab00000,0x00000007ab500000)
  from space 1536K, 43% used [0x00000007ab680000,0x00000007ab728000,0x00000007ab800000)
  to   space 1536K, 0% used [0x00000007ab500000,0x00000007ab500000,0x00000007ab680000)
 ParOldGen       total 64000K, used 7359K [0x0000000780000000, 0x0000000783e80000, 0x00000007aab00000)
  object space 64000K, 11% used [0x0000000780000000,0x000000078072fcd0,0x0000000783e80000)
 Metaspace       used 7351K, capacity 7503K, committed 7680K, reserved 1056768K
  class space    used 714K, capacity 754K, committed 768K, reserved 1048576K
}

Deoptimization events (5 events):
Event: 2.342 Thread 0x00007fbbec1b4000 Uncommon trap: reason=predicate action=maybe_recompile pc=0x000000010eac2b04 method=com.badlogic.gdx.graphics.glutils.ShapeRenderer.polygon([FII)V @ 86
Event: 2.409 Thread 0x00007fbbec1b4000 Uncommon trap: reason=range_check action=make_not_entrant pc=0x000000010eabfca0 method=com.badlogic.gdx.graphics.glutils.ShapeRenderer.polygon([FII)V @ 97
Event: 10.255 Thread 0x00007fbbec1b4000 Uncommon trap: reason=null_check action=make_not_entrant pc=0x000000010eb73c7c method=com.badlogic.gdx.utils.ObjectIntMap.put(Ljava/lang/Object;I)V @ 43
Event: 10.504 Thread 0x00007fbbec1b4000 Uncommon trap: reason=null_check action=make_not_entrant pc=0x000000010eb75b7c method=com.badlogic.gdx.utils.ObjectIntMap.put(Ljava/lang/Object;I)V @ 75
Event: 10.738 Thread 0x00007fbbec1b4000 Uncommon trap: reason=null_check action=make_not_entrant pc=0x000000010eb7aa8c method=com.badlogic.gdx.utils.ObjectIntMap.put(Ljava/lang/Object;I)V @ 107

Internal exceptions (10 events):
Event: 0.716 Thread 0x00007fbbec1b4000 Exception <a 'java/security/PrivilegedActionException'> (0x00000007aab3cb60) thrown at [/HUDSON3/workspace/8-2-build-macosx-x86_64/jdk8u11/648/hotspot/src/share/vm/prims/jvm.cpp, line 1248]
Event: 10.255 Thread 0x00007fbbec1b4000 Implicit null exception at 0x000000010eb7360d to 0x000000010eb73c59
Event: 10.504 Thread 0x00007fbbec1b4000 Implicit null exception at 0x000000010eb755f1 to 0x000000010eb75b71
Event: 10.738 Thread 0x00007fbbec1b4000 Implicit null exception at 0x000000010eb7a610 to 0x000000010eb7aa81
Event: 13.530 Thread 0x00007fbbec1b4000 Exception <a 'java/security/PrivilegedActionException'> (0x00000007ab143c88) thrown at [/HUDSON3/workspace/8-2-build-macosx-x86_64/jdk8u11/648/hotspot/src/share/vm/prims/jvm.cpp, line 1248]
Event: 13.530 Thread 0x00007fbbec1b4000 Exception <a 'java/security/PrivilegedActionException'> (0x00000007ab177e98) thrown at [/HUDSON3/workspace/8-2-build-macosx-x86_64/jdk8u11/648/hotspot/src/share/vm/prims/jvm.cpp, line 1248]
Event: 20.047 Thread 0x00007fbbec1b4000 Exception <a 'java/security/PrivilegedActionException'> (0x00000007aae36540) thrown at [/HUDSON3/workspace/8-2-build-macosx-x86_64/jdk8u11/648/hotspot/src/share/vm/prims/jvm.cpp, line 1248]
Event: 20.048 Thread 0x00007fbbec1b4000 Exception <a 'java/security/PrivilegedActionException'> (0x00000007aae3c2f0) thrown at [/HUDSON3/workspace/8-2-build-macosx-x86_64/jdk8u11/648/hotspot/src/share/vm/prims/jvm.cpp, line 1248]
Event: 20.048 Thread 0x00007fbbec1b4000 Exception <a 'java/security/PrivilegedActionException'> (0x00000007aae42610) thrown at [/HUDSON3/workspace/8-2-build-macosx-x86_64/jdk8u11/648/hotspot/src/share/vm/prims/jvm.cpp, line 1248]
Event: 20.104 Thread 0x00007fbbec1b4000 Exception <a 'java/security/PrivilegedActionException'> (0x00000007aae48f50) thrown at [/HUDSON3/workspace/8-2-build-macosx-x86_64/jdk8u11/648/hotspot/src/share/vm/prims/jvm.cpp, line 1248]

Events (10 events):
Event: 20.047 loading class com/badlogic/gdx/backends/lwjgl/LwjglApplication$2
Event: 20.047 loading class com/badlogic/gdx/backends/lwjgl/LwjglApplication$2 done
Event: 20.048 loading class com/badlogic/gdx/utils/Array$ArrayIterable
Event: 20.048 loading class com/badlogic/gdx/utils/Array$ArrayIterable done
Event: 20.048 loading class com/badlogic/gdx/utils/Array$ArrayIterator
Event: 20.048 loading class com/badlogic/gdx/utils/Array$ArrayIterator done
Event: 20.049 loading class java/util/NoSuchElementException
Event: 20.049 loading class java/util/NoSuchElementException done
Event: 20.104 loading class org/lwjgl/opengl/CallbackUtil
Event: 20.104 loading class org/lwjgl/opengl/CallbackUtil done


Dynamic libraries:
0x0000000008551000 	/System/Library/Frameworks/Cocoa.framework/Versions/A/Cocoa
0x0000000008551000 	/System/Library/Frameworks/Security.framework/Versions/A/Security
0x0000000008551000 	/System/Library/Frameworks/ApplicationServices.framework/Versions/A/ApplicationServices
0x0000000008551000 	/usr/lib/libz.1.dylib
0x0000000008551000 	/usr/lib/libSystem.B.dylib
0x0000000008551000 	/usr/lib/libobjc.A.dylib
0x0000000008551000 	/System/Library/Frameworks/CoreFoundation.framework/Versions/A/CoreFoundation
0x0000000008551000 	/System/Library/Frameworks/Foundation.framework/Versions/C/Foundation
0x0000000008551000 	/System/Library/Frameworks/AppKit.framework/Versions/C/AppKit
0x0000000008551000 	/System/Library/Frameworks/CoreData.framework/Versions/A/CoreData
0x0000000008551000 	/System/Library/PrivateFrameworks/RemoteViewServices.framework/Versions/A/RemoteViewServices
0x0000000008551000 	/System/Library/Frameworks/AudioToolbox.framework/Versions/A/AudioToolbox
0x0000000008551000 	/System/Library/Frameworks/AudioUnit.framework/Versions/A/AudioUnit
0x0000000008551000 	/System/Library/PrivateFrameworks/DataDetectorsCore.framework/Versions/A/DataDetectorsCore
0x0000000008551000 	/System/Library/PrivateFrameworks/DesktopServicesPriv.framework/Versions/A/DesktopServicesPriv
0x0000000008551000 	/System/Library/Frameworks/Carbon.framework/Versions/A/Frameworks/HIToolbox.framework/Versions/A/HIToolbox
0x0000000008551000 	/System/Library/Frameworks/QuartzCore.framework/Versions/A/QuartzCore
0x0000000008551000 	/System/Library/Frameworks/Carbon.framework/Versions/A/Frameworks/SpeechRecognition.framework/Versions/A/SpeechRecognition
0x0000000008551000 	/usr/lib/libauto.dylib
0x0000000008551000 	/usr/lib/libicucore.A.dylib
0x0000000008551000 	/usr/lib/libxml2.2.dylib
0x0000000008551000 	/System/Library/PrivateFrameworks/CoreUI.framework/Versions/A/CoreUI
0x0000000008551000 	/System/Library/Frameworks/CoreAudio.framework/Versions/A/CoreAudio
0x0000000008551000 	/System/Library/Frameworks/DiskArbitration.framework/Versions/A/DiskArbitration
0x0000000008551000 	/usr/lib/liblangid.dylib
0x0000000008551000 	/System/Library/PrivateFrameworks/MultitouchSupport.framework/Versions/A/MultitouchSupport
0x0000000008551000 	/System/Library/Frameworks/IOKit.framework/Versions/A/IOKit
0x0000000008551000 	/usr/lib/libDiagnosticMessagesClient.dylib
0x0000000008551000 	/System/Library/Frameworks/CoreServices.framework/Versions/A/CoreServices
0x0000000008551000 	/System/Library/PrivateFrameworks/PerformanceAnalysis.framework/Versions/A/PerformanceAnalysis
0x0000000008551000 	/System/Library/PrivateFrameworks/GenerationalStorage.framework/Versions/A/GenerationalStorage
0x0000000008551000 	/System/Library/Frameworks/OpenGL.framework/Versions/A/OpenGL
0x0000000008551000 	/System/Library/PrivateFrameworks/Sharing.framework/Versions/A/Sharing
0x0000000008551000 	/System/Library/Frameworks/ImageIO.framework/Versions/A/ImageIO
0x0000000008551000 	/System/Library/Frameworks/CoreText.framework/Versions/A/CoreText
0x0000000008551000 	/System/Library/Frameworks/CoreGraphics.framework/Versions/A/CoreGraphics
0x0000000008551000 	/System/Library/PrivateFrameworks/Backup.framework/Versions/A/Backup
0x0000000008551000 	/System/Library/Frameworks/CFNetwork.framework/Versions/A/CFNetwork
0x0000000008551000 	/System/Library/Frameworks/SystemConfiguration.framework/Versions/A/SystemConfiguration
0x0000000008551000 	/usr/lib/libCRFSuite.dylib
0x0000000008551000 	/usr/lib/libc++.1.dylib
0x0000000008551000 	/usr/lib/libc++abi.dylib
0x0000000008551000 	/usr/lib/system/libcache.dylib
0x0000000008551000 	/usr/lib/system/libcommonCrypto.dylib
0x0000000008551000 	/usr/lib/system/libcompiler_rt.dylib
0x0000000008551000 	/usr/lib/system/libcopyfile.dylib
0x0000000008551000 	/usr/lib/system/libcorecrypto.dylib
0x0000000008551000 	/usr/lib/system/libdispatch.dylib
0x0000000008551000 	/usr/lib/system/libdyld.dylib
0x0000000008551000 	/usr/lib/system/libkeymgr.dylib
0x0000000008551000 	/usr/lib/system/liblaunch.dylib
0x0000000008551000 	/usr/lib/system/libmacho.dylib
0x0000000008551000 	/usr/lib/system/libquarantine.dylib
0x0000000008551000 	/usr/lib/system/libremovefile.dylib
0x0000000008551000 	/usr/lib/system/libsystem_asl.dylib
0x0000000008551000 	/usr/lib/system/libsystem_blocks.dylib
0x0000000008551000 	/usr/lib/system/libsystem_c.dylib
0x0000000008551000 	/usr/lib/system/libsystem_configuration.dylib
0x0000000008551000 	/usr/lib/system/libsystem_dnssd.dylib
0x0000000008551000 	/usr/lib/system/libsystem_info.dylib
0x0000000008551000 	/usr/lib/system/libsystem_kernel.dylib
0x0000000008551000 	/usr/lib/system/libsystem_m.dylib
0x0000000008551000 	/usr/lib/system/libsystem_malloc.dylib
0x0000000008551000 	/usr/lib/system/libsystem_network.dylib
0x0000000008551000 	/usr/lib/system/libsystem_notify.dylib
0x0000000008551000 	/usr/lib/system/libsystem_platform.dylib
0x0000000008551000 	/usr/lib/system/libsystem_pthread.dylib
0x0000000008551000 	/usr/lib/system/libsystem_sandbox.dylib
0x0000000008551000 	/usr/lib/system/libsystem_stats.dylib
0x0000000008551000 	/usr/lib/system/libunc.dylib
0x0000000008551000 	/usr/lib/system/libunwind.dylib
0x0000000008551000 	/usr/lib/system/libxpc.dylib
0x0000000008551000 	/usr/lib/libbsm.0.dylib
0x0000000008551000 	/usr/lib/libsqlite3.dylib
0x0000000008551000 	/usr/lib/libxar.1.dylib
0x0000000008551000 	/usr/lib/libpam.2.dylib
0x0000000008551000 	/usr/lib/libOpenScriptingUtil.dylib
0x0000000008551000 	/usr/lib/libbz2.1.0.dylib
0x0000000008551000 	/System/Library/Frameworks/CoreServices.framework/Versions/A/Frameworks/CarbonCore.framework/Versions/A/CarbonCore
0x0000000008551000 	/System/Library/Frameworks/CoreServices.framework/Versions/A/Frameworks/Metadata.framework/Versions/A/Metadata
0x0000000008551000 	/System/Library/Frameworks/CoreServices.framework/Versions/A/Frameworks/OSServices.framework/Versions/A/OSServices
0x0000000008551000 	/System/Library/Frameworks/CoreServices.framework/Versions/A/Frameworks/SearchKit.framework/Versions/A/SearchKit
0x0000000008551000 	/System/Library/Frameworks/CoreServices.framework/Versions/A/Frameworks/AE.framework/Versions/A/AE
0x0000000008551000 	/System/Library/Frameworks/CoreServices.framework/Versions/A/Frameworks/LaunchServices.framework/Versions/A/LaunchServices
0x0000000008551000 	/System/Library/Frameworks/CoreServices.framework/Versions/A/Frameworks/DictionaryServices.framework/Versions/A/DictionaryServices
0x0000000008551000 	/System/Library/Frameworks/NetFS.framework/Versions/A/NetFS
0x0000000008551000 	/usr/lib/system/libkxld.dylib
0x0000000008551000 	/System/Library/PrivateFrameworks/NetAuth.framework/Versions/A/NetAuth
0x0000000008551000 	/System/Library/PrivateFrameworks/TCC.framework/Versions/A/TCC
0x0000000008551000 	/System/Library/Frameworks/OpenDirectory.framework/Versions/A/Frameworks/CFOpenDirectory.framework/Versions/A/CFOpenDirectory
0x0000000008551000 	/System/Library/Frameworks/ServiceManagement.framework/Versions/A/ServiceManagement
0x0000000008551000 	/usr/lib/libxslt.1.dylib
0x0000000008551000 	/System/Library/Frameworks/Carbon.framework/Versions/A/Frameworks/Ink.framework/Versions/A/Ink
0x0000000008551000 	/System/Library/Frameworks/ApplicationServices.framework/Versions/A/Frameworks/ATS.framework/Versions/A/ATS
0x0000000008551000 	/System/Library/Frameworks/ApplicationServices.framework/Versions/A/Frameworks/ColorSync.framework/Versions/A/ColorSync
0x0000000008551000 	/System/Library/Frameworks/ApplicationServices.framework/Versions/A/Frameworks/HIServices.framework/Versions/A/HIServices
0x0000000008551000 	/System/Library/Frameworks/ApplicationServices.framework/Versions/A/Frameworks/LangAnalysis.framework/Versions/A/LangAnalysis
0x0000000008551000 	/System/Library/Frameworks/ApplicationServices.framework/Versions/A/Frameworks/PrintCore.framework/Versions/A/PrintCore
0x0000000008551000 	/System/Library/Frameworks/ApplicationServices.framework/Versions/A/Frameworks/QD.framework/Versions/A/QD
0x0000000008551000 	/System/Library/Frameworks/ApplicationServices.framework/Versions/A/Frameworks/SpeechSynthesis.framework/Versions/A/SpeechSynthesis
0x0000000008551000 	/System/Library/Frameworks/IOSurface.framework/Versions/A/IOSurface
0x0000000008551000 	/System/Library/Frameworks/Accelerate.framework/Versions/A/Accelerate
0x0000000008551000 	/System/Library/Frameworks/Accelerate.framework/Versions/A/Frameworks/vImage.framework/Versions/A/vImage
0x0000000008551000 	/System/Library/Frameworks/Accelerate.framework/Versions/A/Frameworks/vecLib.framework/Versions/A/vecLib
0x0000000008551000 	/System/Library/Frameworks/Accelerate.framework/Versions/A/Frameworks/vecLib.framework/Versions/A/libvDSP.dylib
0x0000000008551000 	/System/Library/Frameworks/Accelerate.framework/Versions/A/Frameworks/vecLib.framework/Versions/A/libvMisc.dylib
0x0000000008551000 	/System/Library/Frameworks/Accelerate.framework/Versions/A/Frameworks/vecLib.framework/Versions/A/libLAPACK.dylib
0x0000000008551000 	/System/Library/Frameworks/Accelerate.framework/Versions/A/Frameworks/vecLib.framework/Versions/A/libBLAS.dylib
0x0000000008551000 	/System/Library/Frameworks/ApplicationServices.framework/Versions/A/Frameworks/ATS.framework/Versions/A/Resources/libFontParser.dylib
0x0000000008551000 	/System/Library/Frameworks/ApplicationServices.framework/Versions/A/Frameworks/ATS.framework/Versions/A/Resources/libFontRegistry.dylib
0x0000000008551000 	/System/Library/Frameworks/ImageIO.framework/Versions/A/Resources/libJPEG.dylib
0x0000000008551000 	/System/Library/Frameworks/ImageIO.framework/Versions/A/Resources/libTIFF.dylib
0x0000000008551000 	/System/Library/Frameworks/ImageIO.framework/Versions/A/Resources/libPng.dylib
0x0000000008551000 	/System/Library/Frameworks/ImageIO.framework/Versions/A/Resources/libGIF.dylib
0x0000000008551000 	/System/Library/Frameworks/ImageIO.framework/Versions/A/Resources/libJP2.dylib
0x0000000008551000 	/System/Library/Frameworks/ImageIO.framework/Versions/A/Resources/libRadiance.dylib
0x0000000008551000 	/usr/lib/libcups.2.dylib
0x0000000008551000 	/System/Library/Frameworks/Kerberos.framework/Versions/A/Kerberos
0x0000000008551000 	/System/Library/Frameworks/GSS.framework/Versions/A/GSS
0x0000000008551000 	/usr/lib/libresolv.9.dylib
0x0000000008551000 	/usr/lib/libiconv.2.dylib
0x0000000008551000 	/System/Library/PrivateFrameworks/Heimdal.framework/Versions/A/Heimdal
0x0000000008551000 	/System/Library/PrivateFrameworks/TrustEvaluationAgent.framework/Versions/A/TrustEvaluationAgent
0x0000000008551000 	/usr/lib/libheimdal-asn1.dylib
0x0000000008551000 	/System/Library/Frameworks/OpenDirectory.framework/Versions/A/OpenDirectory
0x0000000008551000 	/System/Library/PrivateFrameworks/CommonAuth.framework/Versions/A/CommonAuth
0x0000000008551000 	/System/Library/Frameworks/SecurityFoundation.framework/Versions/A/SecurityFoundation
0x0000000008551000 	/System/Library/PrivateFrameworks/Bom.framework/Versions/A/Bom
0x0000000008551000 	/System/Library/Frameworks/CoreVideo.framework/Versions/A/CoreVideo
0x0000000008551000 	/System/Library/Frameworks/QuartzCore.framework/Versions/A/Frameworks/CoreImage.framework/Versions/A/CoreImage
0x0000000008551000 	/System/Library/Frameworks/QuartzCore.framework/Versions/A/Frameworks/ScalableUserInterface.framework/Versions/A/ScalableUserInterface
0x0000000008551000 	/System/Library/Frameworks/OpenGL.framework/Versions/A/Libraries/libGLU.dylib
0x0000000008551000 	/System/Library/Frameworks/OpenGL.framework/Versions/A/Libraries/libGFXShared.dylib
0x0000000008551000 	/System/Library/Frameworks/OpenGL.framework/Versions/A/Libraries/libGL.dylib
0x0000000008551000 	/System/Library/Frameworks/OpenGL.framework/Versions/A/Libraries/libGLImage.dylib
0x0000000008551000 	/System/Library/Frameworks/OpenGL.framework/Versions/A/Libraries/libCVMSPluginSupport.dylib
0x0000000008551000 	/System/Library/Frameworks/OpenGL.framework/Versions/A/Libraries/libCoreVMClient.dylib
0x0000000008551000 	/System/Library/PrivateFrameworks/FaceCore.framework/Versions/A/FaceCore
0x0000000008551000 	/System/Library/PrivateFrameworks/CrashReporterSupport.framework/Versions/A/CrashReporterSupport
0x0000000008551000 	/System/Library/Frameworks/OpenCL.framework/Versions/A/OpenCL
0x0000000008551000 	/System/Library/PrivateFrameworks/AppleFSCompression.framework/Versions/A/AppleFSCompression
0x0000000008551000 	/System/Library/PrivateFrameworks/Ubiquity.framework/Versions/A/Ubiquity
0x0000000008551000 	/System/Library/PrivateFrameworks/IconServices.framework/Versions/A/IconServices
0x0000000008551000 	/System/Library/PrivateFrameworks/ChunkingLibrary.framework/Versions/A/ChunkingLibrary
0x0000000008551000 	/System/Library/PrivateFrameworks/CoreSymbolication.framework/Versions/A/CoreSymbolication
0x0000000008551000 	/System/Library/PrivateFrameworks/Symbolication.framework/Versions/A/Symbolication
0x0000000008551000 	/System/Library/PrivateFrameworks/DebugSymbols.framework/Versions/A/DebugSymbols
0x000000010d800000 	/Library/Java/JavaVirtualMachines/jdk1.8.0_11.jdk/Contents/Home/jre/lib/server/libjvm.dylib
0x0000000008551000 	/usr/lib/libstdc++.6.dylib
0x000000010cfc9000 	/Library/Java/JavaVirtualMachines/jdk1.8.0_11.jdk/Contents/Home/jre/lib/libverify.dylib
0x000000010e7c4000 	/Library/Java/JavaVirtualMachines/jdk1.8.0_11.jdk/Contents/Home/jre/lib/libjava.dylib
0x000000010cfe1000 	/Library/Java/JavaVirtualMachines/jdk1.8.0_11.jdk/Contents/Home/jre/lib/libzip.dylib
0x00000001222ef000 	/System/Library/Frameworks/JavaVM.framework/Frameworks/JavaRuntimeSupport.framework/JavaRuntimeSupport
0x0000000122307000 	/System/Library/Frameworks/JavaVM.framework/Versions/A/Frameworks/JavaNativeFoundation.framework/Versions/A/JavaNativeFoundation
0x000000012231c000 	/System/Library/Frameworks/JavaVM.framework/Versions/A/JavaVM
0x0000000008551000 	/System/Library/Frameworks/Carbon.framework/Versions/A/Carbon
0x0000000122329000 	/System/Library/PrivateFrameworks/JavaLaunching.framework/Versions/A/JavaLaunching
0x0000000008551000 	/System/Library/Frameworks/Carbon.framework/Versions/A/Frameworks/CommonPanels.framework/Versions/A/CommonPanels
0x0000000008551000 	/System/Library/Frameworks/Carbon.framework/Versions/A/Frameworks/Help.framework/Versions/A/Help
0x0000000008551000 	/System/Library/Frameworks/Carbon.framework/Versions/A/Frameworks/ImageCapture.framework/Versions/A/ImageCapture
0x0000000008551000 	/System/Library/Frameworks/Carbon.framework/Versions/A/Frameworks/OpenScripting.framework/Versions/A/OpenScripting
0x0000000008551000 	/System/Library/Frameworks/Carbon.framework/Versions/A/Frameworks/Print.framework/Versions/A/Print
0x0000000008551000 	/System/Library/Frameworks/Carbon.framework/Versions/A/Frameworks/SecurityHI.framework/Versions/A/SecurityHI
0x0000000122ad6000 	/private/var/folders/5p/028y4js128j7xfl8fwpkpqzh0000gn/T/libgdxjim/e4139f10/libgdx64.dylib
0x0000000122b14000 	/Library/Java/JavaVirtualMachines/jdk1.8.0_11.jdk/Contents/Home/jre/lib/libawt.dylib
0x0000000122bc3000 	/Library/Java/JavaVirtualMachines/jdk1.8.0_11.jdk/Contents/Home/jre/lib/./libmlib_image.dylib
0x0000000122c8f000 	/Library/Java/JavaVirtualMachines/jdk1.8.0_11.jdk/Contents/Home/jre/lib/libawt_lwawt.dylib
0x0000000122d41000 	/Library/Java/JavaVirtualMachines/jdk1.8.0_11.jdk/Contents/Home/jre/lib/./libosxapp.dylib
0x0000000008551000 	/System/Library/Frameworks/ExceptionHandling.framework/Versions/A/ExceptionHandling
0x0000000008551000 	/System/Library/PrivateFrameworks/CoreServicesInternal.framework/Versions/A/CoreServicesInternal
0x0000000008551000 	/System/Library/PrivateFrameworks/Librarian.framework/Versions/A/Librarian
0x0000000008551000 	/System/Library/Frameworks/CoreGraphics.framework/Versions/A/Resources/libCGCMS.A.dylib
0x0000000008551000 	/System/Library/Frameworks/CoreGraphics.framework/Versions/A/Resources/libRIP.A.dylib
0x0000000008551000 	/System/Library/Frameworks/CoreGraphics.framework/Versions/A/Resources/libCGXType.A.dylib
0x0000000008551000 	/System/Library/PrivateFrameworks/FamilyControls.framework/Versions/A/FamilyControls
0x0000000008551000 	/System/Library/PrivateFrameworks/CommerceKit.framework/Versions/A/Frameworks/CommerceCore.framework/Versions/A/CommerceCore
0x0000000008551000 	/System/Library/PrivateFrameworks/SystemAdministration.framework/Versions/A/SystemAdministration
0x0000000008551000 	/System/Library/Frameworks/DirectoryService.framework/Versions/A/DirectoryService
0x0000000008551000 	/System/Library/PrivateFrameworks/DiskImages.framework/Versions/A/DiskImages
0x0000000008551000 	/System/Library/PrivateFrameworks/LoginUIKit.framework/Versions/A/Frameworks/LoginUICore.framework/Versions/A/LoginUICore
0x0000000008551000 	/usr/lib/libCoreStorage.dylib
0x0000000008551000 	/usr/lib/libcsfde.dylib
0x0000000008551000 	/usr/lib/libodfde.dylib
0x0000000008551000 	/System/Library/Frameworks/DiscRecording.framework/Versions/A/DiscRecording
0x0000000008551000 	/usr/lib/libcurl.4.dylib
0x0000000008551000 	/System/Library/PrivateFrameworks/MediaKit.framework/Versions/A/MediaKit
0x0000000008551000 	/System/Library/PrivateFrameworks/EFILogin.framework/Versions/A/EFILogin
0x0000000008551000 	/usr/lib/libutil.dylib
0x0000000008551000 	/System/Library/PrivateFrameworks/AOSNotification.framework/Versions/A/AOSNotification
0x0000000008551000 	/System/Library/Frameworks/LDAP.framework/Versions/A/LDAP
0x0000000008551000 	/usr/lib/libsasl2.2.dylib
0x0000000008551000 	/usr/lib/libcrypto.0.9.8.dylib
0x0000000008551000 	/usr/lib/libssl.0.9.8.dylib
0x0000000126e51000 	/Library/Java/JavaVirtualMachines/jdk1.8.0_11.jdk/Contents/Home/jre/lib/libfontmanager.dylib
0x0000000126eb7000 	/private/var/folders/5p/028y4js128j7xfl8fwpkpqzh0000gn/T/libgdxjim/45614fc1/liblwjgl.dylib
0x0000000124650000 	/Library/Java/JavaVirtualMachines/jdk1.8.0_11.jdk/Contents/Home/jre/lib/libjawt.dylib
0x0000000126f36000 	/var/folders/5p/028y4js128j7xfl8fwpkpqzh0000gn/T/libgdxjim/45614fc1/openal.dylib
0x0000000126f92000 	/System/Library/Components/CoreAudio.component/Contents/MacOS/CoreAudio
0x000000012467b000 	/System/Library/Extensions/AppleHDA.kext/Contents/PlugIns/AppleHDAHALPlugIn.bundle/Contents/MacOS/AppleHDAHALPlugIn
0x0000000008551000 	/System/Library/Frameworks/OpenGL.framework/Versions/A/Resources/GLEngine.bundle/GLEngine
0x0000000008551000 	/System/Library/Frameworks/OpenGL.framework/Versions/A/Libraries/libGLProgrammability.dylib
0x0000000000000000 	/System/Library/Extensions/AppleIntelHD4000GraphicsGLDriver.bundle/Contents/MacOS/AppleIntelHD4000GraphicsGLDriver
0x0000000008551000 	/System/Library/PrivateFrameworks/IOAccelerator.framework/Versions/A/IOAccelerator
0x0000000008551000 	/System/Library/PrivateFrameworks/GPUSupport.framework/Versions/A/Libraries/libGPUSupportMercury.dylib
0x0000000008551000 	/System/Library/Frameworks/OpenGL.framework/Versions/A/Resources/GLRendererFloat.bundle/GLRendererFloat
0x0000000008551000 	/System/Library/Frameworks/OpenCL.framework/Versions/A/Libraries/libcldcpuengine.dylib
0x0000000127be7000 	cl_kernels
0x0000000127bea000 	/System/Library/Frameworks/OpenCL.framework/Versions/A/Libraries/ImageFormats/unorm8_bgra.dylib
0x0000000127d15000 	cl_kernels

VM Arguments:
jvm_args: -Dfile.encoding=UTF-8 
java_command: com.mygdx.game.desktop.DesktopLauncher
java_class_path (initial): /Users/jim/git/board/my-gdx-game-desktop/bin:/Users/jim/git/board/my-gdx-game-core/bin:/Users/jim/.gradle/caches/modules-2/files-2.1/com.badlogicgames.gdx/gdx-box2d/1.2.0/cc39fa3dbad14b247655266c10e64367418564bd/gdx-box2d-1.2.0.jar:/Users/jim/.gradle/caches/modules-2/files-2.1/com.badlogicgames.gdx/gdx/1.2.0/eb55d6eb1165daf6be23189767c19d811ca5eb36/gdx-1.2.0.jar:/Users/jim/.gradle/caches/modules-2/files-2.1/com.badlogicgames.gdx/gdx-backend-lwjgl/1.2.0/4d1fc56c16aa58ad5030e2782e0fad35220d8d40/gdx-backend-lwjgl-1.2.0.jar:/Users/jim/.gradle/caches/modules-2/files-2.1/com.badlogicgames.gdx/gdx-box2d-platform/1.2.0/4bc9d372e2a7f8fc1503aef5cd445dfb236de3ab/gdx-box2d-platform-1.2.0-natives-desktop.jar:/Users/jim/.gradle/caches/modules-2/files-2.1/com.badlogicgames.gdx/gdx-platform/1.2.0/e1acebd7766db2a7c3330ff653c7eff206e7b10f/gdx-platform-1.2.0-natives-desktop.jar:/Users/jim/.gradle/caches/modules-2/files-2.1/com.badlogicgames.jlayer/jlayer/1.0.1-gdx/7cca83cec5c1b2f011362f4d85aabd71a73b049d/jlayer-1.0.1-gdx.jar:/Users/jim/.gradle/caches/modules-2/files-2.1/net.java.jinput/jinput-platform/2.0.5/385ee093e01f587f30ee1c8a2ee7d408fd732e16/jinput-platform-2.0.5-natives-windows.jar:/Users/jim/.gradle/caches/modules-2/files-2.1/net.java.jinput/jinput-platform/2.0.5/53f9c919f34d2ca9de8c51fc4e1e8282029a9232/jinput-platform-2.0.5-natives-osx.jar:/Users/jim/.gradle/caches/modules-2/files-2.1/net.java.jinput/jinput-platform/2.0.5/7ff832a6eb9ab6a767f1ade2b548092d0fa64795/jinput-platform-2.0.5-natives-linux.jar:/Users/jim/.gradle/caches/modules-2/files-2.1/net.java.jinput/jinput/2.0.5/39c7796b469a600f72380316f6b1f11db6c2c7c4/jinput-2.0.5.jar:/Users/jim/.gradle/caches/modules-2/files-2.1/net.java.jutils/jutils/1.0.0/e12fe1fda814bd348c1579329c86943d2cd3c6a6/jutils-1.0.0.jar:/Users/jim/.gradle/caches/modules-2/files-2.1/org.jcraft/jorbis/0.0.17/8872d22b293e8f5d7d56ff92be966e6dc28ebdc6/jorbis-0.0.17.jar:/Users/jim/.gradle/caches/modules-2/files-2.1/org.lwjgl.lw
Launcher Type: SUN_STANDARD

Environment Variables:
PATH=/usr/bin:/bin:/usr/sbin:/sbin
SHELL=/bin/bash
DISPLAY=/tmp/launch-AyYUqP/org.macosforge.xquartz:0

Signal Handlers:
SIGSEGV: [libjvm.dylib+0x56059b], sa_mask[0]=0xfffefeff, sa_flags=0x00000043
SIGBUS: [libjvm.dylib+0x56059b], sa_mask[0]=0xfffefeff, sa_flags=0x00000042
SIGFPE: [libjvm.dylib+0x4438f2], sa_mask[0]=0xfffefeff, sa_flags=0x00000042
SIGPIPE: [libjvm.dylib+0x4438f2], sa_mask[0]=0xfffefeff, sa_flags=0x00000042
SIGXFSZ: [libjvm.dylib+0x4438f2], sa_mask[0]=0xfffefeff, sa_flags=0x00000042
SIGILL: [libjvm.dylib+0x4438f2], sa_mask[0]=0xfffefeff, sa_flags=0x00000042
SIGUSR1: SIG_DFL, sa_mask[0]=0x00000000, sa_flags=0x00000002
SIGUSR2: [libjvm.dylib+0x443410], sa_mask[0]=0x00000004, sa_flags=0x00000042
SIGHUP: [libjvm.dylib+0x44179b], sa_mask[0]=0xfffefeff, sa_flags=0x00000042
SIGINT: [libjvm.dylib+0x44179b], sa_mask[0]=0xfffefeff, sa_flags=0x00000042
SIGTERM: [libjvm.dylib+0x44179b], sa_mask[0]=0xfffefeff, sa_flags=0x00000042
SIGQUIT: [libjvm.dylib+0x44179b], sa_mask[0]=0xfffefeff, sa_flags=0x00000042


---------------  S Y S T E M  ---------------

OS:Bsduname:Darwin 13.3.0 Darwin Kernel Version 13.3.0: Tue Jun  3 21:27:35 PDT 2014; root:xnu-2422.110.17~1/RELEASE_X86_64 x86_64
rlimit: STACK 8192k, CORE 0k, NPROC 709, NOFILE 10240, AS infinity
load average:2.78 2.00 1.67

CPU:total 4 (2 cores per cpu, 2 threads per core) family 6 model 58 stepping 9, cmov, cx8, fxsr, mmx, sse, sse2, sse3, ssse3, sse4.1, sse4.2, popcnt, avx, aes, clmul, erms, ht, tsc, tscinvbit

Memory: 4k page, physical 4194304k(1407384k free)

/proc/meminfo:


vm_info: Java HotSpot(TM) 64-Bit Server VM (25.11-b03) for bsd-amd64 JRE (1.8.0_11-b12), built on Jun 16 2014 17:39:42 by "java_re" with gcc 4.2.1 (Based on Apple Inc. build 5658) (LLVM build 2336.11.00)

time: Sun Jul 27 22:20:05 2014
elapsed time: 20 seconds

